\BOOKMARK [1][-]{section.1}{\376\377\151\202\211\201}{}% 1
\BOOKMARK [1][-]{section.2}{\376\377\060\335\060\244\060\272\060\313\060\363\060\260\145\073\144\203\060\156\172\056\230\136}{}% 2
\BOOKMARK [2][-]{subsection.2.1}{\376\377\145\073\144\203\142\113\154\325\060\156\122\006\230\136}{section.2}% 3
\BOOKMARK [2][-]{subsection.2.2}{\376\377\136\002\154\301\060\156\131\011\123\026}{section.2}% 4
\BOOKMARK [1][-]{section.3}{\376\377\060\335\060\244\060\272\060\313\060\363\060\260\145\073\144\203\060\150\145\165\133\376\166\204\145\073\144\203\060\156\220\125\060\104}{}% 5
\BOOKMARK [2][-]{subsection.3.1}{\376\377\145\165\133\376\166\204\145\073\144\203}{section.3}% 6
\BOOKMARK [2][-]{subsection.3.2}{\376\377\060\335\060\244\060\272\060\313\060\363\060\260\145\073\144\203}{section.3}% 7
\BOOKMARK [1][-]{section.4}{\376\377\060\354\060\263\060\341\060\363\060\311\060\267\060\271\060\306\060\340\060\156\151\202\211\201}{}% 8
\BOOKMARK [2][-]{subsection.4.1}{\376\377\133\237\165\050\166\204\060\152\060\242\060\374\060\255\060\306\060\257\060\301\060\343}{section.4}% 9
\BOOKMARK [1][-]{section.5}{\376\377\060\335\060\244\060\272\060\313\060\363\060\260\145\073\144\203\060\156\122\006\230\136}{}% 10
\BOOKMARK [2][-]{subsection.5.1}{\376\377\145\073\144\203\060\156\166\356\166\204\060\153\060\210\060\213\122\006\230\136}{section.5}% 11
\BOOKMARK [2][-]{subsection.5.2}{\376\377\145\165\133\376\200\005\060\156\167\345\213\130\060\153\060\210\060\213\122\006\230\136}{section.5}% 12
\BOOKMARK [2][-]{subsection.5.3}{\376\377\145\073\144\203\060\156\137\161\227\377\060\153\060\210\060\213\122\006\230\136}{section.5}% 13
\BOOKMARK [1][-]{section.6}{\376\377\145\073\144\203\200\005\060\156\200\375\122\233}{}% 14
\BOOKMARK [2][-]{subsection.6.1}{\376\377\120\175\060\346\060\374\060\266\060\374\060\156\117\134\142\020}{section.6}% 15
\BOOKMARK [2][-]{subsection.6.2}{\376\377\120\175\212\125\117\241\060\156\117\134\142\020}{section.6}% 16
\BOOKMARK [2][-]{subsection.6.3}{\376\377\060\135\060\156\116\326\060\156\145\073\144\203\142\113\154\325}{section.6}% 17
\BOOKMARK [2][-]{subsection.6.4}{\376\377\170\024\172\166\060\156\122\006\136\003}{section.6}% 18
\BOOKMARK [1][-]{section.7}{\376\377\145\073\144\203\060\156\060\242\060\327\060\355\060\374\060\301}{}% 19
\BOOKMARK [2][-]{subsection.7.1}{\376\377\060\244\060\363\060\270\060\247\060\257\060\267\060\347\060\363}{section.7}% 20
\BOOKMARK [2][-]{subsection.7.2}{\376\377\060\267\060\337\060\345\060\354\060\374\060\267\060\347\060\363}{section.7}% 21
\BOOKMARK [1][-]{section.8}{\376\377\060\335\060\244\060\272\060\313\060\363\060\260\145\073\144\203\060\156\060\260\060\353\060\374\060\327\122\006\060\121}{}% 22
\BOOKMARK [2][-]{subsection.8.1}{\376\377\060\342\060\307\060\353\227\136\117\235\133\130\145\073\144\203\377\010\000M\000o\000d\000e\000l\000-\000a\000g\000n\000o\000s\000t\000i\000c\000\040\000a\000t\000t\000a\000c\000k\000s\377\011}{section.8}% 23
\BOOKMARK [2][-]{subsection.8.2}{\376\377\060\342\060\307\060\353\121\205\127\050\145\073\144\203\377\010\000M\000o\000d\000e\000l\000-\000i\000n\000t\000r\000i\000n\000s\000i\000c\000\040\000a\000t\000t\000a\000c\000k\000s\377\011}{section.8}% 24
\BOOKMARK [2][-]{subsection.8.3}{\376\377\145\073\144\203\142\113\154\325\060\156\122\006\136\003}{section.8}% 25
\BOOKMARK [1][-]{section.9}{\376\377\060\311\060\341\060\244\060\363\060\150\060\244\060\363\060\277\060\351\060\257\060\267\060\347\060\363\060\156\172\056\230\136}{}% 26
\BOOKMARK [2][-]{subsection.9.1}{\376\377\133\376\214\141\060\311\060\341\060\244\060\363}{section.9}% 27
\BOOKMARK [2][-]{subsection.9.2}{\376\377\060\244\060\363\060\277\060\351\060\257\060\267\060\347\060\363\060\156\172\056\230\136}{section.9}% 28
\BOOKMARK [1][-]{section.10}{\376\377\060\335\060\244\060\272\060\313\060\363\060\260\145\073\144\203\060\156\212\125\117\241\143\007\152\031}{}% 29
\BOOKMARK [2][-]{subsection.10.1}{\376\377\116\073\211\201\060\152\212\125\117\241\143\007\152\031}{section.10}% 30
\BOOKMARK [1][-]{section.11}{\376\377\060\307\060\374\060\277\060\273\060\303\060\310}{}% 31
\BOOKMARK [2][-]{subsection.11.1}{\376\377\117\177\165\050\230\073\136\246\060\156\232\330\060\104\060\307\060\374\060\277\060\273\060\303\060\310}{section.11}% 32
\BOOKMARK [1][-]{section.12}{\376\377\060\335\060\244\060\272\060\313\060\363\060\260\145\073\144\203\060\170\060\156\133\376\173\126}{}% 33
\BOOKMARK [2][-]{subsection.12.1}{\376\377\133\376\173\126\060\156\122\006\230\136}{section.12}% 34
\BOOKMARK [2][-]{subsection.12.2}{\376\377\151\034\167\345\142\113\154\325\060\156\162\171\137\264\221\317}{section.12}% 35
\BOOKMARK [3][-]{subsubsection.12.2.1}{\376\377\000M\000o\000d\000e\000l\000-\000a\000g\000n\000o\000s\000t\000i\000c\060\152\162\171\137\264\221\317}{subsection.12.2}% 36
\BOOKMARK [3][-]{subsubsection.12.2.2}{\376\377\000M\000o\000d\000e\000l\000-\000i\000n\000t\000r\000i\000n\000s\000i\000c\060\152\162\171\137\264\221\317}{subsection.12.2}% 37
\BOOKMARK [2][-]{subsection.12.3}{\376\377\151\034\167\345\162\171\140\047\060\156\060\325\060\354\060\374\060\340\060\357\060\374\060\257}{section.12}% 38
\BOOKMARK [2][-]{subsection.12.4}{\376\377\151\034\167\345\142\113\154\325\060\156\151\202\211\201}{section.12}% 39
\BOOKMARK [2][-]{subsection.12.5}{\376\377\226\062\137\241\142\113\154\325}{section.12}% 40
\BOOKMARK [1][-]{section.13}{\376\377\133\376\173\126\060\156\122\271\147\234\140\047}{}% 41
\BOOKMARK [2][-]{subsection.13.1}{\376\377\122\271\147\234\166\204\060\152\133\376\173\126}{section.13}% 42
\BOOKMARK [2][-]{subsection.13.2}{\376\377\137\061\060\104\133\376\173\126}{section.13}% 43
\BOOKMARK [1][-]{section.14}{\376\377\116\312\137\214\060\156\170\024\172\166\145\271\124\021\140\047}{}% 44
\BOOKMARK [2][-]{subsection.14.1}{\376\377\060\335\060\244\060\272\060\313\060\363\060\260\145\073\144\203\060\156\060\256\060\343\060\303\060\327\060\001\226\120\165\114\060\001\060\135\060\127\060\146\116\312\137\214\060\156\145\271\124\021\140\047}{section.14}% 45
\BOOKMARK [2][-]{subsection.14.2}{\376\377\145\073\144\203\133\376\173\126\060\156\060\256\060\343\060\303\060\327\060\001\226\120\165\114\060\001\060\135\060\127\060\146\116\312\137\214\060\156\145\271\124\021\140\047}{section.14}% 46
\BOOKMARK [1][-]{section.15}{\376\377\060\335\060\244\060\272\060\313\060\363\060\260\145\073\144\203\060\150\133\376\173\126\060\156\225\242\220\043\116\330\060\121}{}% 47
\BOOKMARK [1][-]{section.16}{\376\377\060\354\060\263\060\341\060\363\060\311\060\267\060\271\060\306\060\340\060\156\116\000\202\054\166\204\060\152\201\006\137\061\140\047\060\156\175\161\124\010}{}% 48
\BOOKMARK [2][-]{subsection.16.1}{\376\377\060\275\060\325\060\310\060\246\060\247\060\242\060\156\201\006\137\061\140\047}{section.16}% 49
\BOOKMARK [2][-]{subsection.16.2}{\376\377\220\113\165\050\116\012\060\156\201\006\137\061\140\047}{section.16}% 50
\BOOKMARK [2][-]{subsection.16.3}{\376\377\162\151\164\006\166\204\060\152\201\006\137\061\140\047}{section.16}% 51
\BOOKMARK [1][-]{section.17}{\376\377\060\265\060\374\060\331\060\244\212\326\145\207\060\156\214\242\163\056}{}% 52
\BOOKMARK [1][-]{section.18}{\376\377\175\120\212\326}{}% 53
